<?xml version="1.0" encoding="UTF-8"?>
<!-- Generated by org.testng.reporters.JUnitXMLReporter -->
<testsuite hostname="Sohel-MLBDs-MacBook-Pro.local" name="Searchname_test2" tests="2" failures="1" timestamp="19 Mar 2021 06:01:12 GMT" time="49.864" errors="0">
  <testcase name="SearchSara2" time="18.943" classname="Tests.searchname_test2"/>
  <testcase name="SearchTamim2" time="20.199" classname="Tests.searchname_test2">
    <failure type="java.lang.AssertionError" message="expected:&amp;lt;No contacts found with &amp;quot;tamim&amp;quot; in the name&amp;gt; but was:&amp;lt;No contacts found with tamim in the name&amp;gt;">
      <![CDATA[java.lang.AssertionError: expected:<No contacts found with "tamim" in the name> but was:<No contacts found with tamim in the name>
	at Tests.searchname_test2.SearchTamim2(searchname_test2.java:30)
... Removed 26 stack frames]]>
    </failure>
  </testcase> <!-- SearchTamim2 -->
</testsuite> <!-- Searchname_test2 -->
