<?xml version="1.0" encoding="UTF-8"?>
<!-- Generated by org.testng.reporters.JUnitXMLReporter -->
<testsuite hostname="Sohel-MLBDs-MacBook-Pro.local" name="Searchname_test" tests="2" failures="1" timestamp="19 Mar 2021 06:00:17 GMT" time="55.622" errors="0">
  <testcase name="SearchSara" time="24.502" classname="Tests.searchname_test"/>
  <testcase name="SearchTamim" time="20.13" classname="Tests.searchname_test">
    <failure type="java.lang.AssertionError" message="expected:&amp;lt;No contacts found with &amp;quot;tamim&amp;quot; in the name&amp;gt; but was:&amp;lt;No contacts found with tamim in the name&amp;gt;">
      <![CDATA[java.lang.AssertionError: expected:<No contacts found with "tamim" in the name> but was:<No contacts found with tamim in the name>
	at Tests.searchname_test.SearchTamim(searchname_test.java:30)
... Removed 26 stack frames]]>
    </failure>
  </testcase> <!-- SearchTamim -->
</testsuite> <!-- Searchname_test -->
