<?xml version="1.0" encoding="UTF-8"?>
<testng-results skipped="0" failed="1" total="2" passed="1">
  <reporter-output>
  </reporter-output>
  <suite name="Default suite" duration-ms="57982" started-at="2021-03-19T10:09:02Z" finished-at="2021-03-19T10:10:00Z">
    <groups>
    </groups>
    <test name="Default test" duration-ms="57982" started-at="2021-03-19T10:09:02Z" finished-at="2021-03-19T10:10:00Z">
      <class name="Tests.searchname_test">
        <test-method status="PASS" signature="setup()[pri:0, instance:Tests.searchname_test@1190200a]" name="setup" is-config="true" duration-ms="6274" started-at="2021-03-19T16:09:02Z" finished-at="2021-03-19T16:09:09Z">
          <reporter-output>
          </reporter-output>
        </test-method> <!-- setup -->
        <test-method status="PASS" signature="SearchSara()[pri:1, instance:Tests.searchname_test@1190200a]" name="SearchSara" duration-ms="26013" started-at="2021-03-19T16:09:09Z" finished-at="2021-03-19T16:09:35Z">
          <reporter-output>
          </reporter-output>
        </test-method> <!-- SearchSara -->
        <test-method status="FAIL" signature="SearchTamim()[pri:2, instance:Tests.searchname_test@1190200a]" name="SearchTamim" duration-ms="20548" started-at="2021-03-19T16:09:35Z" finished-at="2021-03-19T16:09:55Z">
          <exception class="java.lang.AssertionError">
            <message>
              <![CDATA[expected [No result] but found [No contacts found with "tamim" in the name]]]>
            </message>
            <full-stacktrace>
              <![CDATA[java.lang.AssertionError: expected [No result] but found [No contacts found with "tamim" in the name]
	at org.testng.Assert.fail(Assert.java:94)
	at org.testng.Assert.failNotEquals(Assert.java:513)
	at org.testng.Assert.assertEqualsImpl(Assert.java:135)
	at org.testng.Assert.assertEquals(Assert.java:116)
	at org.testng.Assert.assertEquals(Assert.java:190)
	at org.testng.Assert.assertEquals(Assert.java:200)
	at Tests.searchname_test.SearchTamim(searchname_test.java:36)
	at sun.reflect.NativeMethodAccessorImpl.invoke0(Native Method)
	at sun.reflect.NativeMethodAccessorImpl.invoke(NativeMethodAccessorImpl.java:62)
	at sun.reflect.DelegatingMethodAccessorImpl.invoke(DelegatingMethodAccessorImpl.java:43)
	at java.lang.reflect.Method.invoke(Method.java:498)
	at org.testng.internal.MethodInvocationHelper.invokeMethod(MethodInvocationHelper.java:86)
	at org.testng.internal.Invoker.invokeMethod(Invoker.java:643)
	at org.testng.internal.Invoker.invokeTestMethod(Invoker.java:820)
	at org.testng.internal.Invoker.invokeTestMethods(Invoker.java:1128)
	at org.testng.internal.TestMethodWorker.invokeTestMethods(TestMethodWorker.java:129)
	at org.testng.internal.TestMethodWorker.run(TestMethodWorker.java:112)
	at org.testng.TestRunner.privateRun(TestRunner.java:782)
	at org.testng.TestRunner.run(TestRunner.java:632)
	at org.testng.SuiteRunner.runTest(SuiteRunner.java:366)
	at org.testng.SuiteRunner.runSequentially(SuiteRunner.java:361)
	at org.testng.SuiteRunner.privateRun(SuiteRunner.java:319)
	at org.testng.SuiteRunner.run(SuiteRunner.java:268)
	at org.testng.SuiteRunnerWorker.runSuite(SuiteRunnerWorker.java:52)
	at org.testng.SuiteRunnerWorker.run(SuiteRunnerWorker.java:86)
	at org.testng.TestNG.runSuitesSequentially(TestNG.java:1244)
	at org.testng.TestNG.runSuitesLocally(TestNG.java:1169)
	at org.testng.TestNG.run(TestNG.java:1064)
	at org.testng.remote.AbstractRemoteTestNG.run(AbstractRemoteTestNG.java:115)
	at org.testng.remote.RemoteTestNG.initAndRun(RemoteTestNG.java:251)
	at org.testng.remote.RemoteTestNG.main(RemoteTestNG.java:77)
]]>
            </full-stacktrace>
          </exception> <!-- java.lang.AssertionError -->
          <reporter-output>
          </reporter-output>
        </test-method> <!-- SearchTamim -->
        <test-method status="PASS" signature="teardown()[pri:0, instance:Tests.searchname_test@1190200a]" name="teardown" is-config="true" duration-ms="1292" started-at="2021-03-19T16:10:05Z" finished-at="2021-03-19T16:10:07Z">
          <reporter-output>
          </reporter-output>
        </test-method> <!-- teardown -->
      </class> <!-- Tests.searchname_test -->
    </test> <!-- Default test -->
  </suite> <!-- Default suite -->
</testng-results>
